[2020-05-28T22:09:48.263] [DEBUG] cheese - login => username:leolin,password:123456
[2020-05-28T22:09:48.284] [DEBUG] cheese - leolin
[2020-05-28T22:09:48.887] [DEBUG] cheese - null
[2020-05-28T22:09:48.888] [DEBUG] cheese - null
[2020-05-28T22:09:52.967] [DEBUG] cheese - login => username:leolin,password:123456
[2020-05-28T22:09:52.968] [DEBUG] cheese - leolin
[2020-05-28T22:09:52.971] [DEBUG] cheese - null
[2020-05-28T22:09:52.972] [DEBUG] cheese - null
[2020-05-28T22:10:00.386] [DEBUG] cheese - login => username:admin,password:123456
[2020-05-28T22:10:00.386] [DEBUG] cheese - admin
[2020-05-28T22:10:00.392] [DEBUG] cheese - null
[2020-05-28T22:10:00.392] [DEBUG] cheese - null
[2020-05-28T22:20:58.074] [DEBUG] cheese - login => username:leolin,password:123456
[2020-05-28T22:20:58.074] [DEBUG] cheese - leolin
[2020-05-28T22:20:58.077] [DEBUG] cheese - null
[2020-05-28T22:20:58.077] [DEBUG] cheese - null
[2020-05-28T22:21:02.608] [DEBUG] cheese - login => username:admin,password:123456
[2020-05-28T22:21:02.608] [DEBUG] cheese - admin
[2020-05-28T22:21:02.611] [DEBUG] cheese - null
[2020-05-28T22:21:02.611] [DEBUG] cheese - null
[2020-06-14T15:59:54.481] [DEBUG] cheese - login => username:leolin,password:123456
[2020-06-14T15:59:54.484] [DEBUG] cheese - leolin
[2020-06-14T15:59:55.085] [DEBUG] cheese - null
[2020-06-14T15:59:55.086] [DEBUG] cheese - null
[2020-06-14T15:59:56.374] [DEBUG] cheese - login => username:admin,password:123456
[2020-06-14T15:59:56.374] [DEBUG] cheese - admin
[2020-06-14T15:59:56.383] [DEBUG] cheese - null
[2020-06-14T15:59:56.383] [DEBUG] cheese - null
[2020-06-15T10:03:51.517] [DEBUG] cheese - login => username:admin,password:123456
[2020-06-15T10:03:51.529] [DEBUG] cheese - admin
[2020-06-15T10:03:51.712] [DEBUG] cheese - null
[2020-06-15T10:03:51.714] [DEBUG] cheese - null
[2020-06-15T23:47:43.693] [DEBUG] cheese - login => username:admin,password:123456
[2020-06-15T23:47:43.708] [DEBUG] cheese - admin
[2020-06-15T23:47:43.827] [DEBUG] cheese - null
[2020-06-15T23:47:43.827] [DEBUG] cheese - null
[2020-06-16T13:36:05.109] [DEBUG] cheese - login => username:admin,password:123456
[2020-06-16T13:36:05.111] [DEBUG] cheese - admin
[2020-06-16T13:36:05.393] [DEBUG] cheese - null
[2020-06-16T13:36:05.394] [DEBUG] cheese - null
[2020-06-17T10:36:02.240] [DEBUG] cheese - login => username:admin,password:123456
[2020-06-17T10:36:02.245] [DEBUG] cheese - admin
[2020-06-17T10:36:02.294] [DEBUG] cheese - null
[2020-06-17T10:36:02.294] [DEBUG] cheese - null
[2020-06-18T12:15:59.285] [DEBUG] cheese - login => username:admin,password:123456
[2020-06-18T12:15:59.304] [DEBUG] cheese - admin
[2020-06-18T12:15:59.632] [DEBUG] cheese - null
[2020-06-18T12:15:59.633] [DEBUG] cheese - null
[2020-06-19T13:38:42.003] [DEBUG] cheese - login => username:admin,password:123456
[2020-06-19T13:38:42.006] [DEBUG] cheese - admin
[2020-06-19T13:38:42.052] [DEBUG] cheese - null
[2020-06-19T13:38:42.052] [DEBUG] cheese - null
[2020-06-20T12:18:32.749] [DEBUG] cheese - login => username:admin,password:123456
[2020-06-20T12:18:32.751] [DEBUG] cheese - admin
[2020-06-20T12:18:32.896] [DEBUG] cheese - null
[2020-06-20T12:18:32.897] [DEBUG] cheese - null
[2020-06-22T10:19:24.982] [DEBUG] cheese - login => username:admin,password:123456
[2020-06-22T10:19:24.985] [DEBUG] cheese - admin
[2020-06-22T10:19:25.626] [DEBUG] cheese - null
[2020-06-22T10:19:25.626] [DEBUG] cheese - null
[2020-06-22T12:28:08.645] [DEBUG] cheese - login => username:admin,password:123456
[2020-06-22T12:28:08.648] [DEBUG] cheese - admin
[2020-06-22T12:28:08.723] [DEBUG] cheese - null
[2020-06-22T12:28:08.723] [DEBUG] cheese - null
[2020-06-22T12:53:04.335] [DEBUG] cheese - login => username:admin,password:123456
[2020-06-22T12:53:04.336] [DEBUG] cheese - admin
[2020-06-22T12:53:04.339] [DEBUG] cheese - null
[2020-06-22T12:53:04.339] [DEBUG] cheese - null
[2020-06-28T15:29:48.687] [DEBUG] cheese - login => username:admin,password:123456
[2020-06-28T15:29:48.705] [DEBUG] cheese - admin
[2020-06-28T15:29:49.281] [DEBUG] cheese - null
[2020-06-28T15:29:49.281] [DEBUG] cheese - null
[2020-06-28T15:43:11.774] [DEBUG] cheese - login => username:admin,password:123456
[2020-06-28T15:43:11.774] [DEBUG] cheese - admin
[2020-06-28T15:43:11.825] [DEBUG] cheese - null
[2020-06-28T15:43:11.825] [DEBUG] cheese - null
[2020-06-28T21:28:41.873] [DEBUG] cheese - login => username:admin,password:123456
[2020-06-28T21:28:42.086] [DEBUG] cheese - admin
[2020-06-28T21:28:42.320] [DEBUG] cheese - null
[2020-06-28T21:28:42.320] [DEBUG] cheese - null
[2020-06-29T11:01:32.196] [DEBUG] cheese - login => username:admin,password:123456
[2020-06-29T11:01:32.199] [DEBUG] cheese - admin
[2020-06-29T11:01:32.363] [DEBUG] cheese - null
[2020-06-29T11:01:32.364] [DEBUG] cheese - null
[2020-06-29T14:19:34.526] [DEBUG] cheese - login => username:admin,password:123456
[2020-06-29T14:19:34.526] [DEBUG] cheese - admin
[2020-06-29T14:19:34.631] [DEBUG] cheese - null
[2020-06-29T14:19:34.631] [DEBUG] cheese - null
[2020-06-29T15:42:40.075] [DEBUG] cheese - login => username:admin,password:123456
[2020-06-29T15:42:40.076] [DEBUG] cheese - admin
[2020-06-29T15:42:40.211] [DEBUG] cheese - null
[2020-06-29T15:42:40.211] [DEBUG] cheese - null
[2020-06-29T15:44:54.437] [DEBUG] cheese - login => username:admin,password:123456
[2020-06-29T15:44:54.437] [DEBUG] cheese - admin
[2020-06-29T15:44:54.442] [DEBUG] cheese - null
[2020-06-29T15:44:54.442] [DEBUG] cheese - null
[2020-06-29T22:19:37.490] [DEBUG] cheese - null
[2020-06-30T13:34:10.529] [DEBUG] cheese - login => username:admin,password:123456
[2020-06-30T13:34:10.549] [DEBUG] cheese - admin
[2020-06-30T13:34:10.799] [DEBUG] cheese - null
[2020-06-30T13:34:10.799] [DEBUG] cheese - null
[2020-06-30T15:40:08.677] [DEBUG] cheese - login => username:admin,password:123456
[2020-06-30T15:40:08.678] [DEBUG] cheese - admin
[2020-06-30T15:40:08.683] [DEBUG] cheese - null
[2020-06-30T15:40:08.684] [DEBUG] cheese - null
[2020-07-01T11:34:16.122] [DEBUG] cheese - login => username:admin,password:123456
[2020-07-01T11:34:16.135] [DEBUG] cheese - admin
[2020-07-01T11:34:16.470] [DEBUG] cheese - null
[2020-07-01T11:34:16.470] [DEBUG] cheese - null
[2020-07-02T10:20:47.361] [DEBUG] cheese - login => username:admin,password:123456
[2020-07-02T10:20:47.373] [DEBUG] cheese - admin
[2020-07-02T10:20:47.527] [DEBUG] cheese - null
[2020-07-02T10:20:47.528] [DEBUG] cheese - null
[2020-07-03T15:51:21.136] [DEBUG] cheese - login => username:admin,password:123456
[2020-07-03T15:51:21.139] [DEBUG] cheese - admin
[2020-07-03T15:51:21.226] [DEBUG] cheese - null
[2020-07-03T15:51:21.227] [DEBUG] cheese - null
[2020-07-03T21:32:38.672] [DEBUG] cheese - login => username:admin,password:123456
[2020-07-03T21:32:38.673] [DEBUG] cheese - admin
[2020-07-03T21:32:39.025] [DEBUG] cheese - null
[2020-07-03T21:32:39.025] [DEBUG] cheese - null
